0 info it worked if it ends with ok
1 verbose cli [ 'node', '/usr/local/bin/npm', 'publish' ]
2 info using npm@2.7.4
3 info using node@v0.12.2
4 verbose publish [ '.' ]
5 silly cache add args [ '.', null ]
6 verbose cache add spec .
7 silly cache add parsed spec { raw: '.',
7 silly cache add   scope: null,
7 silly cache add   name: null,
7 silly cache add   rawSpec: '.',
7 silly cache add   spec: '/Users/chakibouhajjou/dev/repos/html2markdown-cli',
7 silly cache add   type: 'directory' }
8 verbose addLocalDirectory /Users/chakibouhajjou/.npm/html2markdown-cli/0.0.1/package.tgz not in flight; packing
9 verbose tar pack [ '/Users/chakibouhajjou/.npm/html2markdown-cli/0.0.1/package.tgz',
9 verbose tar pack   '/Users/chakibouhajjou/dev/repos/html2markdown-cli' ]
10 verbose tarball /Users/chakibouhajjou/.npm/html2markdown-cli/0.0.1/package.tgz
11 verbose folder /Users/chakibouhajjou/dev/repos/html2markdown-cli
12 info prepublish html2markdown-cli@0.0.1
13 verbose addLocalTarball adding from inside cache /Users/chakibouhajjou/.npm/html2markdown-cli/0.0.1/package.tgz
14 silly cache afterAdd html2markdown-cli@0.0.1
15 verbose afterAdd /Users/chakibouhajjou/.npm/html2markdown-cli/0.0.1/package/package.json not in flight; writing
16 verbose afterAdd /Users/chakibouhajjou/.npm/html2markdown-cli/0.0.1/package/package.json written
17 silly publish { name: 'html2markdown-cli',
17 silly publish   version: '0.0.1',
17 silly publish   description: 'A CLI for html2markdown module',
17 silly publish   main: 'html2markdown-cli.js',
17 silly publish   dependencies: { commander: '^2.8.0', html2markdown: '^1.1.0' },
17 silly publish   devDependencies: {},
17 silly publish   scripts: { test: 'echo "Error: no test specified" && exit 1' },
17 silly publish   keywords: [ 'html2markdown', 'markdown', 'conversion' ],
17 silly publish   author: { name: 'Chakib Ouhajjou' },
17 silly publish   license: 'ISC',
17 silly publish   bin: { 'html2markdown-cli': 'html2markdown-cli.js' },
17 silly publish   readme: '# htm2markdown-cli\n\nA CLI for html2markdown module\n\n-- couhajjou\n',
17 silly publish   readmeFilename: 'README.md',
17 silly publish   gitHead: 'c73d1f9e8046e339db3e119c4744e03628290e00',
17 silly publish   _id: 'html2markdown-cli@0.0.1',
17 silly publish   _shasum: '44c385bd43212a253283ea98b2d6df15dae61329',
17 silly publish   _from: '.' }
18 silly mapToRegistry name html2markdown-cli
19 silly mapToRegistry using default registry
20 silly mapToRegistry registry https://registry.npmjs.org/
21 silly mapToRegistry uri https://registry.npmjs.org/html2markdown-cli
22 verbose publish registryBase https://registry.npmjs.org/
23 silly publish uploading /Users/chakibouhajjou/.npm/html2markdown-cli/0.0.1/package.tgz
24 verbose request uri https://registry.npmjs.org/html2markdown-cli
25 verbose request sending authorization for write operation
26 info attempt registry request try #1 at 8:45:57 PM
27 verbose request using bearer token for auth
28 verbose request id e5e7785d7f8e5caa
29 http request PUT https://registry.npmjs.org/html2markdown-cli
30 http 403 https://registry.npmjs.org/html2markdown-cli
31 verbose headers { date: 'Thu, 16 Apr 2015 19:45:59 GMT',
31 verbose headers   server: 'Apache',
31 verbose headers   'content-type': 'application/json',
31 verbose headers   'cache-control': 'max-age=60',
31 verbose headers   'content-length': '95',
31 verbose headers   'accept-ranges': 'bytes',
31 verbose headers   via: '1.1 varnish',
31 verbose headers   'x-served-by': 'cache-ams4129-AMS',
31 verbose headers   'x-cache': 'MISS',
31 verbose headers   'x-cache-hits': '0',
31 verbose headers   'x-timer': 'S1429213558.482070,VS0,VE644',
31 verbose headers   'keep-alive': 'timeout=10, max=50',
31 verbose headers   connection: 'Keep-Alive' }
32 verbose request invalidating /Users/chakibouhajjou/.npm/registry.npmjs.org/html2markdown-cli on PUT
33 error publish Failed PUT 403
34 verbose stack Error: "You cannot publish over the previously published version 0.0.1." : html2markdown-cli
34 verbose stack     at CachingRegistryClient.<anonymous> (/usr/local/lib/node_modules/npm/node_modules/npm-registry-client/lib/request.js:247:14)
34 verbose stack     at Request._callback (/usr/local/lib/node_modules/npm/node_modules/npm-registry-client/lib/request.js:170:14)
34 verbose stack     at Request.self.callback (/usr/local/lib/node_modules/npm/node_modules/request/request.js:344:22)
34 verbose stack     at Request.emit (events.js:110:17)
34 verbose stack     at Request.<anonymous> (/usr/local/lib/node_modules/npm/node_modules/request/request.js:1239:14)
34 verbose stack     at Request.emit (events.js:129:20)
34 verbose stack     at IncomingMessage.<anonymous> (/usr/local/lib/node_modules/npm/node_modules/request/request.js:1187:12)
34 verbose stack     at IncomingMessage.emit (events.js:129:20)
34 verbose stack     at _stream_readable.js:908:16
34 verbose stack     at process._tickCallback (node.js:355:11)
35 verbose statusCode 403
36 verbose pkgid html2markdown-cli
37 verbose cwd /Users/chakibouhajjou/dev/repos/html2markdown-cli
38 error Darwin 14.3.0
39 error argv "node" "/usr/local/bin/npm" "publish"
40 error node v0.12.2
41 error npm  v2.7.4
42 error code E403
43 error "You cannot publish over the previously published version 0.0.1." : html2markdown-cli
44 error If you need help, you may report this error at:
44 error     <https://github.com/npm/npm/issues>
45 verbose exit [ 1, true ]
